<?xml version="1.0" encoding="UTF-8" ?>
<testsuite failures="0" time="16.587" errors="1" skipped="0" tests="2" name="gov.llnl.ontology.text.parse.MaltParserTest">
  <properties>
[...]
</properties>
  <testcase time="8.789" classname="gov.llnl.ontology.text.parse.MaltParserTest" name="testSvmParser"/>
  <testcase time="7.796" classname="gov.llnl.ontology.text.parse.MaltParserTest" name="testLinearParser">
    <error message="org.maltparser.parser.guide.GuideException: The learner class &apos;org.maltparser.ml.lib.LibLinear&apos; cannot be initialized. " type="java.lang.RuntimeException">java.lang.RuntimeException: org.maltparser.parser.guide.GuideException: The learner class &apos;org.maltparser.ml.lib.LibLinear&apos; cannot be initialized. 
	at gov.llnl.ontology.text.parse.MaltParser.parseTokens(MaltParser.java:166)
	at gov.llnl.ontology.text.parse.MaltParser.parseText(MaltParser.java:119)
	at gov.llnl.ontology.text.parse.MaltParserTest.testLinearParser(MaltParserTest.java:45)
	at sun.reflect.NativeMethodAccessorImpl.invoke0(Native Method)
	at sun.reflect.NativeMethodAccessorImpl.invoke(NativeMethodAccessorImpl.java:57)
	at sun.reflect.DelegatingMethodAccessorImpl.invoke(DelegatingMethodAccessorImpl.java:43)
	at java.lang.reflect.Method.invoke(Method.java:616)
	at org.junit.runners.model.FrameworkMethod$1.runReflectiveCall(FrameworkMethod.java:44)
	at org.junit.internal.runners.model.ReflectiveCallable.run(ReflectiveCallable.java:15)
	at org.junit.runners.model.FrameworkMethod.invokeExplosively(FrameworkMethod.java:41)
	at org.junit.internal.runners.statements.InvokeMethod.evaluate(InvokeMethod.java:20)
	at org.junit.runners.BlockJUnit4ClassRunner.runChild(BlockJUnit4ClassRunner.java:76)
	at org.junit.runners.BlockJUnit4ClassRunner.runChild(BlockJUnit4ClassRunner.java:50)
	at org.junit.runners.ParentRunner$3.run(ParentRunner.java:193)
	at org.junit.runners.ParentRunner$1.schedule(ParentRunner.java:52)
	at org.junit.runners.ParentRunner.runChildren(ParentRunner.java:191)
	at org.junit.runners.ParentRunner.access$000(ParentRunner.java:42)
	at org.junit.runners.ParentRunner$2.evaluate(ParentRunner.java:184)
	at org.junit.runners.ParentRunner.run(ParentRunner.java:236)
	at org.apache.maven.surefire.junit4.JUnit4TestSet.execute(JUnit4TestSet.java:62)
	at org.apache.maven.surefire.suite.AbstractDirectoryTestSuite.executeTestSet(AbstractDirectoryTestSuite.java:140)
	at org.apache.maven.surefire.suite.AbstractDirectoryTestSuite.execute(AbstractDirectoryTestSuite.java:127)
	at org.apache.maven.surefire.Surefire.run(Surefire.java:177)
	at sun.reflect.NativeMethodAccessorImpl.invoke0(Native Method)
	at sun.reflect.NativeMethodAccessorImpl.invoke(NativeMethodAccessorImpl.java:57)
	at sun.reflect.DelegatingMethodAccessorImpl.invoke(DelegatingMethodAccessorImpl.java:43)
	at java.lang.reflect.Method.invoke(Method.java:616)
	at org.apache.maven.surefire.booter.SurefireBooter.runSuitesInProcess(SurefireBooter.java:345)
	at org.apache.maven.surefire.booter.SurefireBooter.main(SurefireBooter.java:1009)
Caused by: org.maltparser.parser.guide.GuideException: The learner class &apos;org.maltparser.ml.lib.LibLinear&apos; cannot be initialized. 
	at org.maltparser.parser.guide.instance.AtomicModel.initMethod(AtomicModel.java:204)
	at org.maltparser.parser.guide.instance.AtomicModel.&lt;init&gt;(AtomicModel.java:54)
	at org.maltparser.parser.guide.decision.OneDecisionModel.initInstanceModel(OneDecisionModel.java:162)
	at org.maltparser.parser.guide.decision.OneDecisionModel.predict(OneDecisionModel.java:104)
	at org.maltparser.parser.guide.SingleGuide.predict(SingleGuide.java:132)
	at org.maltparser.parser.DeterministicParser.predict(DeterministicParser.java:81)
	at org.maltparser.parser.DeterministicParser.parse(DeterministicParser.java:38)
	at org.maltparser.parser.SingleMalt.parse(SingleMalt.java:148)
	at org.maltparser.MaltParserService.parse(MaltParserService.java:145)
	at gov.llnl.ontology.text.parse.MaltParser.parseTokens(MaltParser.java:140)
	... 28 more
Caused by: java.lang.reflect.InvocationTargetException
	at sun.reflect.NativeConstructorAccessorImpl.newInstance0(Native Method)
	at sun.reflect.NativeConstructorAccessorImpl.newInstance(NativeConstructorAccessorImpl.java:57)
	at sun.reflect.DelegatingConstructorAccessorImpl.newInstance(DelegatingConstructorAccessorImpl.java:45)
	at java.lang.reflect.Constructor.newInstance(Constructor.java:532)
	at org.maltparser.parser.guide.instance.AtomicModel.initMethod(AtomicModel.java:196)
	... 37 more
Caused by: java.lang.OutOfMemoryError: Java heap space
	at java.lang.reflect.Array.newInstance(Array.java:70)
	at java.io.ObjectInputStream.readArray(ObjectInputStream.java:1648)
	at java.io.ObjectInputStream.readObject0(ObjectInputStream.java:1340)
	at java.io.ObjectInputStream.defaultReadFields(ObjectInputStream.java:1963)
	at java.io.ObjectInputStream.defaultReadObject(ObjectInputStream.java:497)
	at org.maltparser.ml.lib.MaltLiblinearModel.readObject(MaltLiblinearModel.java:154)
	at sun.reflect.NativeMethodAccessorImpl.invoke0(Native Method)
	at sun.reflect.NativeMethodAccessorImpl.invoke(NativeMethodAccessorImpl.java:57)
	at sun.reflect.DelegatingMethodAccessorImpl.invoke(DelegatingMethodAccessorImpl.java:43)
	at java.lang.reflect.Method.invoke(Method.java:616)
	at java.io.ObjectStreamClass.invokeReadObject(ObjectStreamClass.java:991)
	at java.io.ObjectInputStream.readSerialData(ObjectInputStream.java:1865)
	at java.io.ObjectInputStream.readOrdinaryObject(ObjectInputStream.java:1770)
	at java.io.ObjectInputStream.readObject0(ObjectInputStream.java:1346)
	at java.io.ObjectInputStream.readObject(ObjectInputStream.java:368)
	at org.maltparser.ml.lib.LibLinear.&lt;init&gt;(LibLinear.java:34)
	at sun.reflect.NativeConstructorAccessorImpl.newInstance0(Native Method)
	at sun.reflect.NativeConstructorAccessorImpl.newInstance(NativeConstructorAccessorImpl.java:57)
	at sun.reflect.DelegatingConstructorAccessorImpl.newInstance(DelegatingConstructorAccessorImpl.java:45)
	at java.lang.reflect.Constructor.newInstance(Constructor.java:532)
	at org.maltparser.parser.guide.instance.AtomicModel.initMethod(AtomicModel.java:196)
	at org.maltparser.parser.guide.instance.AtomicModel.&lt;init&gt;(AtomicModel.java:54)
	at org.maltparser.parser.guide.decision.OneDecisionModel.initInstanceModel(OneDecisionModel.java:162)
	at org.maltparser.parser.guide.decision.OneDecisionModel.predict(OneDecisionModel.java:104)
	at org.maltparser.parser.guide.SingleGuide.predict(SingleGuide.java:132)
	at org.maltparser.parser.DeterministicParser.predict(DeterministicParser.java:81)
	at org.maltparser.parser.DeterministicParser.parse(DeterministicParser.java:38)
	at org.maltparser.parser.SingleMalt.parse(SingleMalt.java:148)
	at org.maltparser.MaltParserService.parse(MaltParserService.java:145)
	at gov.llnl.ontology.text.parse.MaltParser.parseTokens(MaltParser.java:140)
	at gov.llnl.ontology.text.parse.MaltParser.parseText(MaltParser.java:119)
	at gov.llnl.ontology.text.parse.MaltParserTest.testLinearParser(MaltParserTest.java:45)
</error>
    <system-out>engmalt.linear/conllx.xml
file:/home/thuang513/Projects/C-Cat/extendOntology/target/classes/engmalt.linear/conllx.xml
engmalt.linear/conllx.xml
file:/home/thuang513/Projects/C-Cat/extendOntology/target/classes/engmalt.linear/conllx.xml
engmalt.linear/eng-liblinear.xml
engmalt.linear/eng-liblinear.xml
engmalt.linear/conllx.xml
file:/home/thuang513/Projects/C-Cat/extendOntology/target/classes/engmalt.linear/conllx.xml
engmalt.linear/conllx.xml
file:/home/thuang513/Projects/C-Cat/extendOntology/target/classes/engmalt.linear/conllx.xml
</system-out>
  </testcase>
</testsuite>